Thu 30 Mar 2023 09:22:44 PM UTC
Removing files from beginning at 2023-03-30
Files removed:
/workspaces/codespaces-blank/testing/files/oink11

Removing files from beginning at 2023-03-30
Files removed:
/workspaces/codespaces-blank/testing/files/oink110

Removing files from beginning at 2023-03-30
Files removed:
/workspaces/codespaces-blank/testing/files/oink12

Removing files from beginning at 2023-03-30
Files removed:
/workspaces/codespaces-blank/testing/files/oink13

Removing files from beginning at 2023-03-30
Files removed:
/workspaces/codespaces-blank/testing/files/oink14

Removing files from beginning at 2023-03-30
Files removed:
/workspaces/codespaces-blank/testing/files/oink15

Removing files from beginning at 2023-03-30
Files removed:
/workspaces/codespaces-blank/testing/files/oink16

Removing files from beginning at 2023-03-30
Files removed:
/workspaces/codespaces-blank/testing/files/oink17

Removing files from beginning at 2023-03-30
Files removed:
/workspaces/codespaces-blank/testing/files/oink18

Removing files from beginning at 2023-03-30
Files removed:
/workspaces/codespaces-blank/testing/files/oink19

Removing files from beginning at 2023-03-30
Files removed:
/workspaces/codespaces-blank/testing/files2/oink21

Removing files from beginning at 2023-03-30
Files removed:
/workspaces/codespaces-blank/testing/files2/oink210

Removing files from beginning at 2023-03-30
Files removed:
/workspaces/codespaces-blank/testing/files2/oink22

Removing files from beginning at 2023-03-30
Files removed:
/workspaces/codespaces-blank/testing/files2/oink23

Removing files from beginning at 2023-03-30
Files removed:
/workspaces/codespaces-blank/testing/files2/oink24

Removing files from beginning at 2023-03-30
Files removed:
/workspaces/codespaces-blank/testing/files2/oink25

Removing files from beginning at 2023-03-30
Files removed:
/workspaces/codespaces-blank/testing/files2/oink26

Removing files from beginning at 2023-03-30
Files removed:
/workspaces/codespaces-blank/testing/files2/oink27

Removing files from beginning at 2023-03-30
Files removed:
/workspaces/codespaces-blank/testing/files2/oink28

Removing files from beginning at 2023-03-30
Files removed:
/workspaces/codespaces-blank/testing/files2/oink29
